Using pre-set license
Built from '2020.3/staging' branch; Version is '2020.3.6f1 (338bb68529b2) revision 3378102'; Using compiler version '192528614'; Build Type 'Release'
OS: 'Windows 10 Home Single Language; OS build 19042.1052; Version 2009; 64bit' Language: 'en' Physical Memory: 16276 MB
BatchMode: 1, IsHumanControllingUs: 0, StartBugReporterOnCrash: 0, Is64bit: 1, IsPro: 0

 COMMAND LINE ARGUMENTS:
C:\Program Files\Unity\Hub\Editor\2020.3.6f1\Editor\Unity.exe
-adb2
-batchMode
-noUpm
-name
AssetImportWorker0
-projectPath
D:/unity/gmtk2021
-logFile
Logs/AssetImportWorker0.log
-srvPort
61304
Successfully changed project path to: D:/unity/gmtk2021
D:/unity/gmtk2021
Using Asset Import Pipeline V2.
Refreshing native plugins compatible for Editor in 120.67 ms, found 0 plugins.
Preloading 0 native plugins for Editor in 0.00 ms.
Initialize engine version: 2020.3.6f1 (338bb68529b2)
[Subsystems] Discovering subsystems at path C:/Program Files/Unity/Hub/Editor/2020.3.6f1/Editor/Data/Resources/UnitySubsystems
[Subsystems] Discovering subsystems at path D:/unity/gmtk2021/Assets
GfxDevice: creating device client; threaded=0
Direct3D:
    Version:  Direct3D 11.0 [level 11.1]
    Renderer: NVIDIA GeForce GTX 1050 Ti (ID=0x1c8c)
    Vendor:   
    VRAM:     4021 MB
    Driver:   27.21.14.6611
Shader 'Universal Render Pipeline/Particles/Lit': fallback shader 'Universal Render Pipeline/Particles/SimpleLit' not found
Initialize mono
Mono path[0] = 'C:/Program Files/Unity/Hub/Editor/2020.3.6f1/Editor/Data/Managed'
Mono path[1] = 'C:/Program Files/Unity/Hub/Editor/2020.3.6f1/Editor/Data/MonoBleedingEdge/lib/mono/unityjit'
Mono config path = 'C:/Program Files/Unity/Hub/Editor/2020.3.6f1/Editor/Data/MonoBleedingEdge/etc'
Using monoOptions --debugger-agent=transport=dt_socket,embedding=1,server=y,suspend=n,address=127.0.0.1:56796
Begin MonoManager ReloadAssembly
Registering precompiled unity dll's ...
Register platform support module: C:/Program Files/Unity/Hub/Editor/2020.3.6f1/Editor/Data/PlaybackEngines/WebGLSupport/UnityEditor.WebGL.Extensions.dll
Register platform support module: C:/Program Files/Unity/Hub/Editor/2020.3.6f1/Editor/Data/PlaybackEngines/WindowsStandaloneSupport/UnityEditor.WindowsStandalone.Extensions.dll
Registered in 0.004119 seconds.
Native extension for WindowsStandalone target not found
Native extension for WebGL target not found
Refreshing native plugins compatible for Editor in 99.98 ms, found 0 plugins.
Preloading 0 native plugins for Editor in 0.00 ms.
Mono: successfully reloaded assembly
- Completed reload, in  4.289 seconds
Platform modules already initialized, skipping
Registering precompiled user dll's ...
Registered in 0.004175 seconds.
Begin MonoManager ReloadAssembly
Native extension for WindowsStandalone target not found
Native extension for WebGL target not found
Refreshing native plugins compatible for Editor in 99.23 ms, found 0 plugins.
Preloading 0 native plugins for Editor in 0.00 ms.
Mono: successfully reloaded assembly
- Completed reload, in  4.108 seconds
Platform modules already initialized, skipping
========================================================================
Worker process is ready to serve import requests
Shader 'Universal Render Pipeline/Particles/Lit': fallback shader 'Universal Render Pipeline/Particles/SimpleLit' not found
Launched and connected shader compiler UnityShaderCompiler.exe after 0.08 seconds
Refreshing native plugins compatible for Editor in 0.79 ms, found 0 plugins.
Preloading 0 native plugins for Editor in 0.00 ms.
Unloading 2819 Unused Serialized files (Serialized files now loaded: 0)
System memory in use before: 129.4 MB.
System memory in use after: 129.6 MB.

Unloading 14 unused Assets to reduce memory usage. Loaded Objects now: 3260.
Total: 3.903700 ms (FindLiveObjects: 0.461000 ms CreateObjectMapping: 0.278300 ms MarkObjects: 3.025200 ms  DeleteObjects: 0.136800 ms)

========================================================================
Received Import Request.
  path: Assets/Scenes/Menu.unity
  artifactKey: Guid(3b4f26f12832bdf4796fa5469d77f6ea) Importer(815301076,1909f56bfc062723c751e8b465ee728b)
Start importing Assets/Scenes/Menu.unity using Guid(3b4f26f12832bdf4796fa5469d77f6ea) Importer(815301076,1909f56bfc062723c751e8b465ee728b)  -> (artifact id: 'd44d52695fb0290d172476d8c068aae9') in 0.036476 seconds
  Import took 0.046569 seconds .

========================================================================
Received Import Request.
  Time since last request: 0.002069 seconds.
  path: Assets/Prefabs/Cube.prefab
  artifactKey: Guid(546420bd9904ebd47b485603fea49e85) Importer(815301076,1909f56bfc062723c751e8b465ee728b)
Start importing Assets/Prefabs/Cube.prefab using Guid(546420bd9904ebd47b485603fea49e85) Importer(815301076,1909f56bfc062723c751e8b465ee728b)  -> (artifact id: 'bf378ed31b53f392f1a97b934805ab39') in 0.425761 seconds
  Import took 0.437254 seconds .

========================================================================
Received Import Request.
  Time since last request: 0.000326 seconds.
  path: Assets/Prefabs/Cube 1.prefab
  artifactKey: Guid(04f26b8ef1a3df04693531560257002e) Importer(815301076,1909f56bfc062723c751e8b465ee728b)
Start importing Assets/Prefabs/Cube 1.prefab using Guid(04f26b8ef1a3df04693531560257002e) Importer(815301076,1909f56bfc062723c751e8b465ee728b)  -> (artifact id: '455be3952ba9c9cc1d0417756ba668ab') in 0.024103 seconds
  Import took 0.031403 seconds .

========================================================================
Received Prepare
Shader 'Universal Render Pipeline/Particles/Lit': fallback shader 'Universal Render Pipeline/Particles/SimpleLit' not found
Refreshing native plugins compatible for Editor in 3.77 ms, found 0 plugins.
Preloading 0 native plugins for Editor in 0.00 ms.
Unloading 6 Unused Serialized files (Serialized files now loaded: 0)
System memory in use before: 72.8 MB.
System memory in use after: 73.0 MB.

Unloading 7 unused Assets to reduce memory usage. Loaded Objects now: 3333.
Total: 5.933900 ms (FindLiveObjects: 0.915800 ms CreateObjectMapping: 0.345300 ms MarkObjects: 4.578800 ms  DeleteObjects: 0.090400 ms)

========================================================================
Received Prepare
Registering precompiled user dll's ...
Registered in 0.002323 seconds.
Begin MonoManager ReloadAssembly
Native extension for WindowsStandalone target not found
Native extension for WebGL target not found
Refreshing native plugins compatible for Editor in 0.80 ms, found 0 plugins.
Preloading 0 native plugins for Editor in 0.00 ms.
Mono: successfully reloaded assembly
- Completed reload, in  1.768 seconds
Platform modules already initialized, skipping
Shader 'Universal Render Pipeline/Particles/Lit': fallback shader 'Universal Render Pipeline/Particles/SimpleLit' not found
Refreshing native plugins compatible for Editor in 0.68 ms, found 0 plugins.
Preloading 0 native plugins for Editor in 0.00 ms.
Unloading 2702 Unused Serialized files (Serialized files now loaded: 0)
System memory in use before: 127.0 MB.
System memory in use after: 127.2 MB.

Unloading 9 unused Assets to reduce memory usage. Loaded Objects now: 3309.
Total: 3.886000 ms (FindLiveObjects: 0.398000 ms CreateObjectMapping: 0.279000 ms MarkObjects: 3.114400 ms  DeleteObjects: 0.091900 ms)

========================================================================
Received Prepare
Shader 'Universal Render Pipeline/Particles/Lit': fallback shader 'Universal Render Pipeline/Particles/SimpleLit' not found
Refreshing native plugins compatible for Editor in 3.97 ms, found 0 plugins.
Preloading 0 native plugins for Editor in 0.00 ms.
Unloading 6 Unused Serialized files (Serialized files now loaded: 0)
System memory in use before: 73.6 MB.
System memory in use after: 73.8 MB.

Unloading 6 unused Assets to reduce memory usage. Loaded Objects now: 3309.
Total: 4.969400 ms (FindLiveObjects: 0.376600 ms CreateObjectMapping: 0.221800 ms MarkObjects: 4.268700 ms  DeleteObjects: 0.100200 ms)

========================================================================
Received Prepare
Shader 'Universal Render Pipeline/Particles/Lit': fallback shader 'Universal Render Pipeline/Particles/SimpleLit' not found
Refreshing native plugins compatible for Editor in 4.57 ms, found 0 plugins.
Preloading 0 native plugins for Editor in 0.00 ms.
Unloading 6 Unused Serialized files (Serialized files now loaded: 0)
System memory in use before: 73.6 MB.
System memory in use after: 73.8 MB.

Unloading 6 unused Assets to reduce memory usage. Loaded Objects now: 3309.
Total: 8.039200 ms (FindLiveObjects: 0.865100 ms CreateObjectMapping: 0.497700 ms MarkObjects: 6.581000 ms  DeleteObjects: 0.093100 ms)

========================================================================
Received Prepare
Shader 'Universal Render Pipeline/Particles/Lit': fallback shader 'Universal Render Pipeline/Particles/SimpleLit' not found
Refreshing native plugins compatible for Editor in 1.81 ms, found 0 plugins.
Preloading 0 native plugins for Editor in 0.00 ms.
Unloading 6 Unused Serialized files (Serialized files now loaded: 0)
System memory in use before: 73.6 MB.
System memory in use after: 73.8 MB.

Unloading 6 unused Assets to reduce memory usage. Loaded Objects now: 3309.
Total: 6.606600 ms (FindLiveObjects: 0.578600 ms CreateObjectMapping: 0.315100 ms MarkObjects: 5.422200 ms  DeleteObjects: 0.286300 ms)

========================================================================
Received Prepare
Shader 'Universal Render Pipeline/Particles/Lit': fallback shader 'Universal Render Pipeline/Particles/SimpleLit' not found
Refreshing native plugins compatible for Editor in 1.79 ms, found 0 plugins.
Preloading 0 native plugins for Editor in 0.00 ms.
Unloading 6 Unused Serialized files (Serialized files now loaded: 0)
System memory in use before: 73.6 MB.
System memory in use after: 73.8 MB.

Unloading 6 unused Assets to reduce memory usage. Loaded Objects now: 3309.
Total: 6.270300 ms (FindLiveObjects: 0.813400 ms CreateObjectMapping: 0.372800 ms MarkObjects: 4.990100 ms  DeleteObjects: 0.091500 ms)

AssetImportWorkerClient::OnTransportError - code=2 error=End of file
